<?xml version="1.0" encoding="UTF-8"?>
<!-- Generated by org.testng.reporters.JUnitReportReporter -->
<testsuite skipped="0" hostname="nhupham-HP-EliteBook-8540w" name="testng01.test001" tests="1" failures="0" timestamp="13 Nov 2017 12:17:26 GMT" time="4.758" errors="0">
  <testcase name="main" time="4.758" classname="testng01.test001"/>
</testsuite> <!-- testng01.test001 -->
